	.file	"Assn8.cpp"
	.section .rdata,"dr"
__ZStL19piecewise_construct:
	.space 1
.lcomm __ZStL8__ioinit,1,1
	.def	___main;	.scl	2;	.type	32;	.endef
LC0:
	.ascii "M1 = \0"
LC1:
	.ascii " \0"
LC2:
	.ascii "M2 = \0"
LC3:
	.ascii "M1 * M2 =\0"
	.text
	.globl	_main
	.def	_main;	.scl	2;	.type	32;	.endef
_main:
LFB1445:
	.cfi_startproc
	leal	4(%esp), %ecx
	.cfi_def_cfa 1, 0
	andl	$-16, %esp
	pushl	-4(%ecx)
	pushl	%ebp
	.cfi_escape 0x10,0x5,0x2,0x75,0
	movl	%esp, %ebp
	pushl	%esi
	pushl	%ebx
	pushl	%ecx
	.cfi_escape 0xf,0x3,0x75,0x74,0x6
	.cfi_escape 0x10,0x6,0x2,0x75,0x7c
	.cfi_escape 0x10,0x3,0x2,0x75,0x78
	subl	$124, %esp
	movl	%ecx, %ebx
	call	___main
	movl	4(%ebx), %eax
	addl	$4, %eax
	movl	(%eax), %eax
	movl	%eax, (%esp)
	call	_atoi
	movl	%eax, -88(%ebp)
	movl	4(%ebx), %eax
	addl	$8, %eax
	movl	(%eax), %eax
	movl	%eax, (%esp)
	call	_atoi
	movl	%eax, -92(%ebp)
	movl	4(%ebx), %eax
	addl	$12, %eax
	movl	(%eax), %eax
	movl	%eax, (%esp)
	call	_atoi
	movl	%eax, -96(%ebp)
	movl	4(%ebx), %eax
	addl	$16, %eax
	movl	(%eax), %eax
	movl	%eax, (%esp)
	call	_atoi
	movl	%eax, -100(%ebp)
	movl	-88(%ebp), %eax
	cmpl	$536870911, %eax
	ja	L2
	sall	$2, %eax
	movl	%eax, (%esp)
	call	__Znaj
	movl	%eax, -104(%ebp)
	movl	-96(%ebp), %eax
	cmpl	$536870911, %eax
	ja	L4
	jmp	L47
L2:
	call	___cxa_throw_bad_array_new_length
L47:
	sall	$2, %eax
	movl	%eax, (%esp)
	call	__Znaj
	movl	%eax, -108(%ebp)
	movl	-88(%ebp), %eax
	cmpl	$536870911, %eax
	ja	L6
	jmp	L48
L4:
	call	___cxa_throw_bad_array_new_length
L48:
	sall	$2, %eax
	movl	%eax, (%esp)
	call	__Znaj
	movl	%eax, -112(%ebp)
	movl	$1, -28(%ebp)
	movl	-96(%ebp), %eax
	imull	-100(%ebp), %eax
	movl	%eax, -32(%ebp)
	movl	$0, -116(%ebp)
	movl	$0, -36(%ebp)
	jmp	L11
L6:
	call	___cxa_throw_bad_array_new_length
L11:
	movl	-36(%ebp), %eax
	cmpl	-88(%ebp), %eax
	jge	L8
	movl	-36(%ebp), %eax
	leal	0(,%eax,4), %edx
	movl	-104(%ebp), %eax
	leal	(%edx,%eax), %ebx
	movl	-92(%ebp), %eax
	cmpl	$536870911, %eax
	ja	L9
	sall	$2, %eax
	jmp	L49
L9:
	call	___cxa_throw_bad_array_new_length
L49:
	movl	%eax, (%esp)
	call	__Znaj
	movl	%eax, (%ebx)
	addl	$1, -36(%ebp)
	jmp	L11
L8:
	movl	$0, -40(%ebp)
L15:
	movl	-40(%ebp), %eax
	cmpl	-88(%ebp), %eax
	jge	L12
	movl	-40(%ebp), %eax
	leal	0(,%eax,4), %edx
	movl	-108(%ebp), %eax
	leal	(%edx,%eax), %ebx
	movl	-100(%ebp), %eax
	cmpl	$536870911, %eax
	ja	L13
	sall	$2, %eax
	jmp	L50
L13:
	call	___cxa_throw_bad_array_new_length
L50:
	movl	%eax, (%esp)
	call	__Znaj
	movl	%eax, (%ebx)
	addl	$1, -40(%ebp)
	jmp	L15
L12:
	movl	$0, -44(%ebp)
L19:
	movl	-44(%ebp), %eax
	cmpl	-88(%ebp), %eax
	jge	L16
	movl	-44(%ebp), %eax
	leal	0(,%eax,4), %edx
	movl	-112(%ebp), %eax
	leal	(%edx,%eax), %ebx
	movl	-100(%ebp), %eax
	cmpl	$536870911, %eax
	ja	L17
	sall	$2, %eax
	jmp	L51
L17:
	call	___cxa_throw_bad_array_new_length
L51:
	movl	%eax, (%esp)
	call	__Znaj
	movl	%eax, (%ebx)
	addl	$1, -44(%ebp)
	jmp	L19
L16:
	movl	$LC0, 4(%esp)
	movl	$__ZSt4cout, (%esp)
	call	__ZStlsISt11char_traitsIcEERSt13basic_ostreamIcT_ES5_PKc
	movl	$__ZSt4endlIcSt11char_traitsIcEERSt13basic_ostreamIT_T0_ES6_, (%esp)
	movl	%eax, %ecx
	call	__ZNSolsEPFRSoS_E
	subl	$4, %esp
	movl	$0, -48(%ebp)
L23:
	movl	-48(%ebp), %eax
	cmpl	-88(%ebp), %eax
	jge	L20
	movl	$0, -52(%ebp)
L22:
	movl	-52(%ebp), %eax
	cmpl	-92(%ebp), %eax
	jge	L21
	movl	-48(%ebp), %eax
	leal	0(,%eax,4), %edx
	movl	-104(%ebp), %eax
	addl	%edx, %eax
	movl	(%eax), %eax
	movl	-52(%ebp), %edx
	sall	$2, %edx
	leal	(%eax,%edx), %ecx
	movl	-28(%ebp), %eax
	leal	1(%eax), %edx
	movl	%edx, -28(%ebp)
	movl	%eax, (%ecx)
	movl	-48(%ebp), %eax
	leal	0(,%eax,4), %edx
	movl	-112(%ebp), %eax
	addl	%edx, %eax
	movl	(%eax), %eax
	movl	-52(%ebp), %edx
	sall	$2, %edx
	addl	%edx, %eax
	movl	$0, (%eax)
	movl	-48(%ebp), %eax
	leal	0(,%eax,4), %edx
	movl	-104(%ebp), %eax
	addl	%edx, %eax
	movl	(%eax), %eax
	movl	-52(%ebp), %edx
	sall	$2, %edx
	addl	%edx, %eax
	movl	(%eax), %eax
	movl	%eax, (%esp)
	movl	$__ZSt4cout, %ecx
	call	__ZNSolsEi
	subl	$4, %esp
	movl	$LC1, 4(%esp)
	movl	%eax, (%esp)
	call	__ZStlsISt11char_traitsIcEERSt13basic_ostreamIcT_ES5_PKc
	addl	$1, -52(%ebp)
	jmp	L22
L21:
	movl	$__ZSt4endlIcSt11char_traitsIcEERSt13basic_ostreamIT_T0_ES6_, (%esp)
	movl	$__ZSt4cout, %ecx
	call	__ZNSolsEPFRSoS_E
	subl	$4, %esp
	addl	$1, -48(%ebp)
	jmp	L23
L20:
	movl	$__ZSt4endlIcSt11char_traitsIcEERSt13basic_ostreamIT_T0_ES6_, (%esp)
	movl	$__ZSt4cout, %ecx
	call	__ZNSolsEPFRSoS_E
	subl	$4, %esp
	movl	$__ZSt4endlIcSt11char_traitsIcEERSt13basic_ostreamIT_T0_ES6_, (%esp)
	movl	%eax, %ecx
	call	__ZNSolsEPFRSoS_E
	subl	$4, %esp
	movl	$LC2, 4(%esp)
	movl	$__ZSt4cout, (%esp)
	call	__ZStlsISt11char_traitsIcEERSt13basic_ostreamIcT_ES5_PKc
	movl	$__ZSt4endlIcSt11char_traitsIcEERSt13basic_ostreamIT_T0_ES6_, (%esp)
	movl	%eax, %ecx
	call	__ZNSolsEPFRSoS_E
	subl	$4, %esp
	movl	$0, -56(%ebp)
L27:
	movl	-56(%ebp), %eax
	cmpl	-96(%ebp), %eax
	jge	L24
	movl	$0, -60(%ebp)
L26:
	movl	-60(%ebp), %eax
	cmpl	-100(%ebp), %eax
	jge	L25
	movl	-56(%ebp), %eax
	leal	0(,%eax,4), %edx
	movl	-108(%ebp), %eax
	addl	%edx, %eax
	movl	(%eax), %eax
	movl	-60(%ebp), %edx
	sall	$2, %edx
	leal	(%eax,%edx), %ecx
	movl	-32(%ebp), %eax
	leal	-1(%eax), %edx
	movl	%edx, -32(%ebp)
	movl	%eax, (%ecx)
	movl	-56(%ebp), %eax
	leal	0(,%eax,4), %edx
	movl	-108(%ebp), %eax
	addl	%edx, %eax
	movl	(%eax), %eax
	movl	-60(%ebp), %edx
	sall	$2, %edx
	addl	%edx, %eax
	movl	(%eax), %eax
	movl	%eax, (%esp)
	movl	$__ZSt4cout, %ecx
	call	__ZNSolsEi
	subl	$4, %esp
	movl	$LC1, 4(%esp)
	movl	%eax, (%esp)
	call	__ZStlsISt11char_traitsIcEERSt13basic_ostreamIcT_ES5_PKc
	addl	$1, -60(%ebp)
	jmp	L26
L25:
	movl	$__ZSt4endlIcSt11char_traitsIcEERSt13basic_ostreamIT_T0_ES6_, (%esp)
	movl	$__ZSt4cout, %ecx
	call	__ZNSolsEPFRSoS_E
	subl	$4, %esp
	addl	$1, -56(%ebp)
	jmp	L27
L24:
	movl	$__ZSt4endlIcSt11char_traitsIcEERSt13basic_ostreamIT_T0_ES6_, (%esp)
	movl	$__ZSt4cout, %ecx
	call	__ZNSolsEPFRSoS_E
	subl	$4, %esp
	movl	$__ZSt4endlIcSt11char_traitsIcEERSt13basic_ostreamIT_T0_ES6_, (%esp)
	movl	%eax, %ecx
	call	__ZNSolsEPFRSoS_E
	subl	$4, %esp
	movl	$LC3, 4(%esp)
	movl	$__ZSt4cout, (%esp)
	call	__ZStlsISt11char_traitsIcEERSt13basic_ostreamIcT_ES5_PKc
	movl	$__ZSt4endlIcSt11char_traitsIcEERSt13basic_ostreamIT_T0_ES6_, (%esp)
	movl	%eax, %ecx
	call	__ZNSolsEPFRSoS_E
	subl	$4, %esp
	movl	$0, -64(%ebp)
L33:
	movl	-64(%ebp), %eax
	cmpl	-88(%ebp), %eax
	jge	L28
	movl	$0, -68(%ebp)
L32:
	movl	-68(%ebp), %eax
	cmpl	-100(%ebp), %eax
	jge	L29
	movl	$0, -72(%ebp)
L31:
	movl	-72(%ebp), %eax
	cmpl	-92(%ebp), %eax
	jge	L30
	movl	-64(%ebp), %eax
	leal	0(,%eax,4), %edx
	movl	-112(%ebp), %eax
	addl	%edx, %eax
	movl	(%eax), %eax
	movl	-68(%ebp), %edx
	sall	$2, %edx
	addl	%edx, %eax
	movl	-64(%ebp), %edx
	leal	0(,%edx,4), %ecx
	movl	-112(%ebp), %edx
	addl	%ecx, %edx
	movl	(%edx), %edx
	movl	-68(%ebp), %ecx
	sall	$2, %ecx
	addl	%ecx, %edx
	movl	(%edx), %ecx
	movl	-64(%ebp), %edx
	leal	0(,%edx,4), %ebx
	movl	-104(%ebp), %edx
	addl	%ebx, %edx
	movl	(%edx), %edx
	movl	-72(%ebp), %ebx
	sall	$2, %ebx
	addl	%ebx, %edx
	movl	(%edx), %ebx
	movl	-72(%ebp), %edx
	leal	0(,%edx,4), %esi
	movl	-108(%ebp), %edx
	addl	%esi, %edx
	movl	(%edx), %edx
	movl	-68(%ebp), %esi
	sall	$2, %esi
	addl	%esi, %edx
	movl	(%edx), %edx
	imull	%ebx, %edx
	addl	%ecx, %edx
	movl	%edx, (%eax)
	addl	$1, -72(%ebp)
	jmp	L31
L30:
	movl	-64(%ebp), %eax
	leal	0(,%eax,4), %edx
	movl	-112(%ebp), %eax
	addl	%edx, %eax
	movl	(%eax), %eax
	movl	-68(%ebp), %edx
	sall	$2, %edx
	addl	%edx, %eax
	movl	(%eax), %eax
	movl	%eax, (%esp)
	movl	$__ZSt4cout, %ecx
	call	__ZNSolsEi
	subl	$4, %esp
	movl	$LC1, 4(%esp)
	movl	%eax, (%esp)
	call	__ZStlsISt11char_traitsIcEERSt13basic_ostreamIcT_ES5_PKc
	addl	$1, -68(%ebp)
	jmp	L32
L29:
	movl	$__ZSt4endlIcSt11char_traitsIcEERSt13basic_ostreamIT_T0_ES6_, (%esp)
	movl	$__ZSt4cout, %ecx
	call	__ZNSolsEPFRSoS_E
	subl	$4, %esp
	addl	$1, -64(%ebp)
	jmp	L33
L28:
	movl	$__ZSt4endlIcSt11char_traitsIcEERSt13basic_ostreamIT_T0_ES6_, (%esp)
	movl	$__ZSt4cout, %ecx
	call	__ZNSolsEPFRSoS_E
	subl	$4, %esp
	movl	$__ZSt4endlIcSt11char_traitsIcEERSt13basic_ostreamIT_T0_ES6_, (%esp)
	movl	%eax, %ecx
	call	__ZNSolsEPFRSoS_E
	subl	$4, %esp
	movl	$0, -76(%ebp)
L36:
	movl	-76(%ebp), %eax
	cmpl	-88(%ebp), %eax
	jge	L34
	movl	-76(%ebp), %eax
	leal	0(,%eax,4), %edx
	movl	-104(%ebp), %eax
	addl	%edx, %eax
	movl	(%eax), %eax
	testl	%eax, %eax
	je	L35
	movl	-76(%ebp), %eax
	leal	0(,%eax,4), %edx
	movl	-104(%ebp), %eax
	addl	%edx, %eax
	movl	(%eax), %eax
	movl	%eax, (%esp)
	call	__ZdaPv
L35:
	addl	$1, -76(%ebp)
	jmp	L36
L34:
	cmpl	$0, -104(%ebp)
	je	L37
	movl	-104(%ebp), %eax
	movl	%eax, (%esp)
	call	__ZdaPv
L37:
	movl	$0, -80(%ebp)
L40:
	movl	-80(%ebp), %eax
	cmpl	-96(%ebp), %eax
	jge	L38
	movl	-80(%ebp), %eax
	leal	0(,%eax,4), %edx
	movl	-108(%ebp), %eax
	addl	%edx, %eax
	movl	(%eax), %eax
	testl	%eax, %eax
	je	L39
	movl	-80(%ebp), %eax
	leal	0(,%eax,4), %edx
	movl	-108(%ebp), %eax
	addl	%edx, %eax
	movl	(%eax), %eax
	movl	%eax, (%esp)
	call	__ZdaPv
L39:
	addl	$1, -80(%ebp)
	jmp	L40
L38:
	cmpl	$0, -108(%ebp)
	je	L41
	movl	-108(%ebp), %eax
	movl	%eax, (%esp)
	call	__ZdaPv
L41:
	movl	$0, -84(%ebp)
L44:
	movl	-84(%ebp), %eax
	cmpl	-88(%ebp), %eax
	jge	L42
	movl	-84(%ebp), %eax
	leal	0(,%eax,4), %edx
	movl	-112(%ebp), %eax
	addl	%edx, %eax
	movl	(%eax), %eax
	testl	%eax, %eax
	je	L43
	movl	-84(%ebp), %eax
	leal	0(,%eax,4), %edx
	movl	-112(%ebp), %eax
	addl	%edx, %eax
	movl	(%eax), %eax
	movl	%eax, (%esp)
	call	__ZdaPv
L43:
	addl	$1, -84(%ebp)
	jmp	L44
L42:
	cmpl	$0, -112(%ebp)
	je	L45
	movl	-112(%ebp), %eax
	movl	%eax, (%esp)
	call	__ZdaPv
L45:
	movl	$0, %eax
	leal	-12(%ebp), %esp
	popl	%ecx
	.cfi_restore 1
	.cfi_def_cfa 1, 0
	popl	%ebx
	.cfi_restore 3
	popl	%esi
	.cfi_restore 6
	popl	%ebp
	.cfi_restore 5
	leal	-4(%ecx), %esp
	.cfi_def_cfa 4, 4
	ret
	.cfi_endproc
LFE1445:
	.def	___tcf_0;	.scl	3;	.type	32;	.endef
___tcf_0:
LFB1878:
	.cfi_startproc
	pushl	%ebp
	.cfi_def_cfa_offset 8
	.cfi_offset 5, -8
	movl	%esp, %ebp
	.cfi_def_cfa_register 5
	subl	$8, %esp
	movl	$__ZStL8__ioinit, %ecx
	call	__ZNSt8ios_base4InitD1Ev
	leave
	.cfi_restore 5
	.cfi_def_cfa 4, 4
	ret
	.cfi_endproc
LFE1878:
	.def	__Z41__static_initialization_and_destruction_0ii;	.scl	3;	.type	32;	.endef
__Z41__static_initialization_and_destruction_0ii:
LFB1877:
	.cfi_startproc
	pushl	%ebp
	.cfi_def_cfa_offset 8
	.cfi_offset 5, -8
	movl	%esp, %ebp
	.cfi_def_cfa_register 5
	subl	$24, %esp
	cmpl	$1, 8(%ebp)
	jne	L55
	cmpl	$65535, 12(%ebp)
	jne	L55
	movl	$__ZStL8__ioinit, %ecx
	call	__ZNSt8ios_base4InitC1Ev
	movl	$___tcf_0, (%esp)
	call	_atexit
L55:
	nop
	leave
	.cfi_restore 5
	.cfi_def_cfa 4, 4
	ret
	.cfi_endproc
LFE1877:
	.def	__GLOBAL__sub_I_main;	.scl	3;	.type	32;	.endef
__GLOBAL__sub_I_main:
LFB1879:
	.cfi_startproc
	pushl	%ebp
	.cfi_def_cfa_offset 8
	.cfi_offset 5, -8
	movl	%esp, %ebp
	.cfi_def_cfa_register 5
	subl	$24, %esp
	movl	$65535, 4(%esp)
	movl	$1, (%esp)
	call	__Z41__static_initialization_and_destruction_0ii
	leave
	.cfi_restore 5
	.cfi_def_cfa 4, 4
	ret
	.cfi_endproc
LFE1879:
	.section	.ctors,"w"
	.align 4
	.long	__GLOBAL__sub_I_main
	.ident	"GCC: (MinGW.org GCC-6.3.0-1) 6.3.0"
	.def	_atoi;	.scl	2;	.type	32;	.endef
	.def	__Znaj;	.scl	2;	.type	32;	.endef
	.def	___cxa_throw_bad_array_new_length;	.scl	2;	.type	32;	.endef
	.def	__ZStlsISt11char_traitsIcEERSt13basic_ostreamIcT_ES5_PKc;	.scl	2;	.type	32;	.endef
	.def	__ZSt4endlIcSt11char_traitsIcEERSt13basic_ostreamIT_T0_ES6_;	.scl	2;	.type	32;	.endef
	.def	__ZNSolsEPFRSoS_E;	.scl	2;	.type	32;	.endef
	.def	__ZNSolsEi;	.scl	2;	.type	32;	.endef
	.def	__ZdaPv;	.scl	2;	.type	32;	.endef
	.def	__ZNSt8ios_base4InitD1Ev;	.scl	2;	.type	32;	.endef
	.def	__ZNSt8ios_base4InitC1Ev;	.scl	2;	.type	32;	.endef
	.def	_atexit;	.scl	2;	.type	32;	.endef
